<?xml version="1.0" encoding="UTF-8"?>
<testng-results skipped="0" failed="0" ignored="0" total="1" passed="1">
  <reporter-output>
  </reporter-output>
  <suite name="Default suite" duration-ms="12764" started-at="2017-09-14T12:19:25Z" finished-at="2017-09-14T12:19:37Z">
    <groups>
    </groups>
    <test name="Default test" duration-ms="12764" started-at="2017-09-14T12:19:25Z" finished-at="2017-09-14T12:19:37Z">
      <class name="googdemo.NewTest">
        <test-method status="PASS" signature="beforeTest()[pri:0, instance:googdemo.NewTest@482f8f11]" name="beforeTest" is-config="true" duration-ms="11621" started-at="2017-09-14T17:49:25Z" finished-at="2017-09-14T17:49:36Z">
          <reporter-output>
          </reporter-output>
        </test-method> <!-- beforeTest -->
        <test-method status="PASS" signature="main()[pri:0, instance:googdemo.NewTest@482f8f11]" name="main" duration-ms="1113" started-at="2017-09-14T17:49:36Z" finished-at="2017-09-14T17:49:37Z">
          <reporter-output>
          </reporter-output>
        </test-method> <!-- main -->
        <test-method status="PASS" signature="afterTest()[pri:0, instance:googdemo.NewTest@482f8f11]" name="afterTest" is-config="true" duration-ms="0" started-at="2017-09-14T17:49:37Z" finished-at="2017-09-14T17:49:37Z">
          <reporter-output>
          </reporter-output>
        </test-method> <!-- afterTest -->
      </class> <!-- googdemo.NewTest -->
    </test> <!-- Default test -->
  </suite> <!-- Default suite -->
</testng-results>
